2023-05-24 14:24:30,965 =============================================================
2023-05-24 14:24:30,965 =============================================================
2023-05-24 14:24:30,965 Today is 2023-05-24 at 02:24 PM
2023-05-24 14:24:30,998 This file is running on: nt Windows 10
2023-05-24 14:24:30,998 The Python version is: 3.11.3
2023-05-24 14:24:30,998 The active conda environment is:  None
2023-05-24 14:24:30,998 The active pip environment is:    None
2023-05-24 14:24:30,998 The active environment path is:   C:\Program Files\WindowsApps\PythonSoftwareFoundation.Python.3.11_3.11.1008.0_x64__qbz5n2kfra8p0
2023-05-24 14:24:30,998 The current working directory is: C:\Users\bambe\Documents\44608_DataAnalyticsFundamentals\datafun-02-functions
2023-05-24 14:24:30,998 This source file is in:           c:\Users\bambe\Documents\44608_DataAnalyticsFundamentals\datafun-02-functions\datafun-02-functions
2023-05-24 14:24:30,998 =============================================================
2023-05-24 14:24:30,998 =============================================================
2023-05-24 14:24:30,998 Created: NumericSeries with name=Quiz Scores Module 1, units=pts, and 6 data points: [9, 9, 10, 9, 7, 10]
2023-05-24 14:24:30,998 Created: NumericSeries with name=Quiz Scores Module 2, units=pts, and 8 data points: [8, 10, 8, 10, 8, 10, 10, 10]
2023-05-24 14:24:30,998 Created: NumericSeries with name=Quiz Scores Module 3, units=pts, and 4 data points: [7, 8, 9, 10]
2023-05-24 14:24:30,998 NumericSeries with name=Quiz Scores Module 1, units=pts, and 6 data points: [9, 9, 10, 9, 7, 10]
2023-05-24 14:24:30,998 Count: 6
2023-05-24 14:24:30,998 Sum: 54
2023-05-24 14:24:30,998 Mean: 9.0
2023-05-24 14:24:30,998 Median: 9.0
2023-05-24 14:24:30,998 ------------------
2023-05-24 14:24:30,999 NumericSeries with name=Quiz Scores Module 2, units=pts, and 8 data points: [8, 10, 8, 10, 8, 10, 10, 10]
2023-05-24 14:24:30,999 Count: 8
2023-05-24 14:24:30,999 Sum: 74
2023-05-24 14:24:30,999 Mean: 9.25
2023-05-24 14:24:30,999 Median: 10.0
2023-05-24 14:24:30,999 ------------------
2023-05-24 14:24:30,999 NumericSeries with name=Quiz Scores Module 3, units=pts, and 4 data points: [7, 8, 9, 10]
2023-05-24 14:24:30,999 Count: 4
2023-05-24 14:24:30,999 Sum: 34
2023-05-24 14:24:30,999 Mean: 8.5
2023-05-24 14:24:30,999 Median: 8.5
2023-05-24 14:24:30,999 ------------------
