2023-05-24 14:24:39,475 =============================================================
2023-05-24 14:24:39,475 =============================================================
2023-05-24 14:24:39,475 Today is 2023-05-24 at 02:24 PM
2023-05-24 14:24:39,512 This file is running on: nt Windows 10
2023-05-24 14:24:39,513 The Python version is: 3.11.3
2023-05-24 14:24:39,513 The active conda environment is:  None
2023-05-24 14:24:39,513 The active pip environment is:    None
2023-05-24 14:24:39,513 The active environment path is:   C:\Program Files\WindowsApps\PythonSoftwareFoundation.Python.3.11_3.11.1008.0_x64__qbz5n2kfra8p0
2023-05-24 14:24:39,513 The current working directory is: C:\Users\bambe\Documents\44608_DataAnalyticsFundamentals\datafun-02-functions
2023-05-24 14:24:39,513 This source file is in:           c:\Users\bambe\Documents\44608_DataAnalyticsFundamentals\datafun-02-functions\datafun-02-functions
2023-05-24 14:24:39,513 =============================================================
2023-05-24 14:24:39,513 =============================================================
2023-05-24 14:24:39,513 Created: NumericDogWalkSeries with name=Dog #1 Walks, units=miles, location=Neighborhood, and 5 data points: [2.8, 1.4, 2.4, 1.3, 0.8]
2023-05-24 14:24:39,513 Created: NumericDogWalkSeries with name=Dog #2 walks, units=miles, location=Park, and 7 data points: [1.2, 2.2, 3.0, 0.4, 2.4, 3.1, 1.3]
2023-05-24 14:24:39,513 Created: NumericDogWalkSeries with name=Dog #3 Walks, units=miles, location=Neighborhood and park, and 3 data points: [1, 2, 3]
2023-05-24 14:24:39,513 NumericDogWalkSeries with name=Dog #1 Walks, units=miles, location=Neighborhood, and 5 data points: [2.8, 1.4, 2.4, 1.3, 0.8]
2023-05-24 14:24:39,513 Count: 5.00
2023-05-24 14:24:39,513 Sum: 8.70
2023-05-24 14:24:39,514 Mean: 1.74
2023-05-24 14:24:39,514 Median: 1.40
2023-05-24 14:24:39,514 ------------------
2023-05-24 14:24:39,514 NumericDogWalkSeries with name=Dog #2 walks, units=miles, location=Park, and 7 data points: [1.2, 2.2, 3.0, 0.4, 2.4, 3.1, 1.3]
2023-05-24 14:24:39,514 Count: 7.00
2023-05-24 14:24:39,514 Sum: 13.60
2023-05-24 14:24:39,514 Mean: 1.94
2023-05-24 14:24:39,514 Median: 2.20
2023-05-24 14:24:39,514 ------------------
2023-05-24 14:24:39,514 NumericDogWalkSeries with name=Dog #3 Walks, units=miles, location=Neighborhood and park, and 3 data points: [1, 2, 3]
2023-05-24 14:24:39,514 Count: 3.00
2023-05-24 14:24:39,514 Sum: 6.00
2023-05-24 14:24:39,514 Mean: 2.00
2023-05-24 14:24:39,514 Median: 2.00
2023-05-24 14:24:39,514 ------------------
